<?xml version="1.0" encoding="UTF-8"?>
<testsuite name="edu.jsu.mcis.TicTacToeViewTest" tests="1" skipped="0" failures="0" errors="0" timestamp="2018-02-12T18:05:37" hostname="jwrtablet" time="0.006">
  <properties/>
  <testcase name="testViewOfBlankGrid" classname="edu.jsu.mcis.TicTacToeViewTest" time="0.006"/>
  <system-out><![CDATA[]]></system-out>
  <system-err><![CDATA[]]></system-err>
</testsuite>
